nohup: ignoring input
[dotenv@17.3.1] injecting env (7) from .env.local -- tip: 🔐 prevent committing .env to code: https://dotenvx.com/precommit
Czyszczę bazę...
(node:203968) [MODULE_TYPELESS_PACKAGE_JSON] Warning: Module type of file:///workspaces/consensus-engine/lib/crm/etl.js is not specified and it doesn't parse as CommonJS.
Reparsing as ES module because module syntax was detected. This incurs a performance overhead.
To eliminate this warning, add "type": "module" to /workspaces/consensus-engine/package.json.
(Use `node --trace-warnings ...` to show where the warning was created)
  Po czyszczeniu: { client_product_events: 0, clients_360: 0, master_key: 0 }
  Baza pusta ✓

Plan: 51 miesięcy (2022-01 → 2026-03)

[2022-01] Pobieram zamówienia...
  API: 4135 stron, 206707 zamówień, najstarsze: 2017-11-07
  [binary search] krok 1: strona 2068/4135 → 2023-07-27 (low=1, high=4135)
  [binary search] krok 2: strona 1034/4135 → 2021-10-25 (low=1, high=2068)
  [binary search] krok 3: strona 1551/4135 → 2022-10-15 (low=1035, high=2068)
  [binary search] krok 4: strona 1293/4135 → 2022-02-25 (low=1035, high=1551)
  [binary search] krok 5: strona 1164/4135 → 2021-12-11 (low=1035, high=1293)
  [binary search] krok 6: strona 1229/4135 → 2021-12-22 (low=1165, high=1293)
  [binary search] krok 7: strona 1261/4135 → 2022-01-28 (low=1230, high=1293)
  [binary search] krok 8: strona 1245/4135 → 2022-01-11 (low=1230, high=1261)
  [binary search] krok 9: strona 1237/4135 → 2022-01-03 (low=1230, high=1245)
  [binary search] krok 10: strona 1233/4135 → 2021-12-28 (low=1230, high=1237)
  [binary search] krok 11: strona 1235/4135 → 2021-12-30 (low=1234, high=1237)
  [binary search] krok 12: strona 1236/4135 → 2022-01-02 (low=1236, high=1237)
  Binary search: 12 kroków → strona startowa 1234
[ETL] start — 3279 line-items, source: shoper-2022-01
[ETL step 2] anonymizeAndVault OK — 3279 items
[ETL step 3] mapWorldsAndTaxonomy OK — 3279 items
[ETL step 3.5] assignPromoAndNewProduct OK
[ETL step 4] assignOccasion OK
[ETL] unmapped products: 1023
[ETL step 5] buildClientProfiles OK — 1383 clients
[ETL step 6] segmentClients OK
[ETL step 7] upsertToSupabase OK — clients: 1383, events: 3279
[ETL step 8] refresh_crm_views OK
[sanity] LTV recalculate failed: recalculateAllLTV fetch events error: TypeError: fetch failed
[ETL step 9] runSanityChecks OK
[2022-01] ✅ zamówień: 1416, klientów: 1383, eventów: 3279, niezmapowanych: 1023
[2022-02] Pobieram zamówienia...
[ETL] start — 4054 line-items, source: shoper-2022-02
[ETL step 2] anonymizeAndVault OK — 4054 items
[ETL step 3] mapWorldsAndTaxonomy OK — 4054 items
[ETL step 3.5] assignPromoAndNewProduct OK
[ETL step 4] assignOccasion OK
[ETL] unmapped products: 1126
[ETL step 5] buildClientProfiles OK — 1517 clients
[ETL step 6] segmentClients OK
[ETL step 7] upsertToSupabase OK — clients: 1517, events: 4054
[ETL step 8] refresh_crm_views OK
[sanity] LTV recalculate failed: recalculateAllLTV fetch events error: TypeError: fetch failed
[ETL step 9] runSanityChecks OK
[2022-02] ✅ zamówień: 1563, klientów: 1517, eventów: 4054, niezmapowanych: 1126
[2022-03] Pobieram zamówienia...
    ⚠ order-products 70816 — próba 1/3, retry za 5000ms: order-products 70816 (429): {"error":"temporarily_unavailable","error_description":"You have reached requests limit: 10\/10"}
[ETL] start — 2826 line-items, source: shoper-2022-03
[ETL step 2] anonymizeAndVault OK — 2826 items
[ETL step 3] mapWorldsAndTaxonomy OK — 2826 items
[ETL step 3.5] assignPromoAndNewProduct OK
[ETL step 4] assignOccasion OK
[ETL] unmapped products: 830
[ETL step 5] buildClientProfiles OK — 1284 clients
[ETL step 6] segmentClients OK
[ETL step 7] upsertToSupabase OK — clients: 1284, events: 2826
[ETL step 8] refresh_crm_views OK
[sanity] LTV recalculate failed: recalculateAllLTV fetch events error: TypeError: fetch failed
[ETL step 9] runSanityChecks OK
[2022-03] ✅ zamówień: 1314, klientów: 1284, eventów: 2826, niezmapowanych: 830
[2022-04] Pobieram zamówienia...
[ETL] start — 3429 line-items, source: shoper-2022-04
[ETL step 2] anonymizeAndVault OK — 3429 items
[ETL step 3] mapWorldsAndTaxonomy OK — 3429 items
[ETL step 3.5] assignPromoAndNewProduct OK
[ETL step 4] assignOccasion OK
[ETL] unmapped products: 863
[ETL step 5] buildClientProfiles OK — 1384 clients
[ETL step 6] segmentClients OK
[ETL step 7] upsertToSupabase OK — clients: 1384, events: 3429
[ETL step 8] refresh_crm_views OK
[sanity] LTV recalculate failed: recalculateAllLTV fetch events error: TypeError: fetch failed
[ETL step 9] runSanityChecks OK
[2022-04] ✅ zamówień: 1420, klientów: 1384, eventów: 3429, niezmapowanych: 863
[2022-05] Pobieram zamówienia...
    ⚠ order-products 73641 — próba 1/3, retry za 5000ms: order-products 73641 (429): {"error":"temporarily_unavailable","error_description":"You have reached requests limit: 10\/10"}
    ⚠ order-products 73643 — próba 1/3, retry za 5000ms: order-products 73643 (429): {"error":"temporarily_unavailable","error_description":"You have reached requests limit: 10\/10"}
[ETL] start — 3513 line-items, source: shoper-2022-05
[ETL step 2] anonymizeAndVault OK — 3513 items
[ETL step 3] mapWorldsAndTaxonomy OK — 3513 items
[ETL step 3.5] assignPromoAndNewProduct OK
[ETL step 4] assignOccasion OK
[ETL] unmapped products: 851
[ETL step 5] buildClientProfiles OK — 1556 clients
[ETL step 6] segmentClients OK
[ETL step 7] upsertToSupabase OK — clients: 1556, events: 3513
[ETL step 8] refresh_crm_views OK
[sanity] LTV recalculate failed: recalculateAllLTV fetch events error: TypeError: fetch failed
[ETL step 9] runSanityChecks OK
[2022-05] ✅ zamówień: 1588, klientów: 1556, eventów: 3513, niezmapowanych: 851
[2022-06] Pobieram zamówienia...
[ETL] start — 4318 line-items, source: shoper-2022-06
[ETL step 2] anonymizeAndVault OK — 4318 items
[ETL step 3] mapWorldsAndTaxonomy OK — 4318 items
[ETL step 3.5] assignPromoAndNewProduct OK
[ETL step 4] assignOccasion OK
[ETL] unmapped products: 912
[ETL step 5] buildClientProfiles OK — 2054 clients
[ETL step 6] segmentClients OK
[ETL step 7] upsertToSupabase OK — clients: 2054, events: 4318
[ETL step 8] refresh_crm_views OK
[sanity] LTV recalculate failed: recalculateAllLTV fetch events error: TypeError: fetch failed
[ETL step 9] runSanityChecks OK
rpc error: "crm_behavior_segments" is not a table or materialized view
[2022-06] ✅ zamówień: 2094, klientów: 2054, eventów: 4318, niezmapowanych: 912
[2022-07] Pobieram zamówienia...
[ETL] start — 4679 line-items, source: shoper-2022-07
[ETL step 2] anonymizeAndVault OK — 4679 items
[ETL step 3] mapWorldsAndTaxonomy OK — 4679 items
[ETL step 3.5] assignPromoAndNewProduct OK
[ETL step 4] assignOccasion OK
[ETL] unmapped products: 991
[ETL step 5] buildClientProfiles OK — 1751 clients
[ETL step 6] segmentClients OK
[ETL step 7] upsertToSupabase OK — clients: 1751, events: 4679
[ETL step 8] refresh_crm_views OK
[sanity] LTV recalculate failed: recalculateAllLTV fetch events error: TypeError: fetch failed
[ETL step 9] runSanityChecks OK
rpc error: "crm_behavior_segments" is not a table or materialized view
[2022-07] ✅ zamówień: 1794, klientów: 1751, eventów: 4679, niezmapowanych: 991
[2022-08] Pobieram zamówienia...
[ETL] start — 3430 line-items, source: shoper-2022-08
[ETL step 2] anonymizeAndVault OK — 3430 items
[ETL step 3] mapWorldsAndTaxonomy OK — 3430 items
[ETL step 3.5] assignPromoAndNewProduct OK
[ETL step 4] assignOccasion OK
[ETL] unmapped products: 690
[ETL step 5] buildClientProfiles OK — 1576 clients
[ETL step 6] segmentClients OK
[ETL step 7] upsertToSupabase OK — clients: 1576, events: 3430
[ETL step 8] refresh_crm_views OK
[sanity] LTV recalculate failed: recalculateAllLTV fetch events error: TypeError: fetch failed
[ETL step 9] runSanityChecks OK
rpc error: "crm_behavior_segments" is not a table or materialized view
[2022-08] ✅ zamówień: 1602, klientów: 1576, eventów: 3430, niezmapowanych: 690
[2022-09] Pobieram zamówienia...
[ETL] start — 4088 line-items, source: shoper-2022-09
[ETL step 2] anonymizeAndVault OK — 4088 items
[ETL step 3] mapWorldsAndTaxonomy OK — 4088 items
[ETL step 3.5] assignPromoAndNewProduct OK
[ETL step 4] assignOccasion OK
[ETL] unmapped products: 991
[ETL step 5] buildClientProfiles OK — 1765 clients
[ETL step 6] segmentClients OK
[ETL step 7] upsertToSupabase OK — clients: 1765, events: 4088
[ETL step 8] refresh_crm_views OK
[sanity] LTV recalculate failed: recalculateAllLTV fetch events error: TypeError: fetch failed
[ETL step 9] runSanityChecks OK
rpc error: "crm_behavior_segments" is not a table or materialized view
[2022-09] ✅ zamówień: 1797, klientów: 1765, eventów: 4088, niezmapowanych: 991
[2022-10] Pobieram zamówienia...
    ⚠ order-products 84631 — próba 1/3, retry za 5000ms: order-products 84631 (429): {"error":"temporarily_unavailable","error_description":"You have reached requests limit: 10\/10"}
    ⚠ order-products 84630 — próba 1/3, retry za 5000ms: order-products 84630 (429): {"error":"temporarily_unavailable","error_description":"You have reached requests limit: 10\/10"}
    ⚠ order-products 84851 — próba 1/3, retry za 5000ms: order-products 84851 (429): {"error":"temporarily_unavailable","error_description":"You have reached requests limit: 10\/10"}
    ⚠ order-products 84849 — próba 1/3, retry za 5000ms: order-products 84849 (429): {"error":"temporarily_unavailable","error_description":"You have reached requests limit: 10\/10"}
    ⚠ order-products 85845 — próba 1/3, retry za 5000ms: order-products 85845 (429): {"error":"temporarily_unavailable","error_description":"You have reached requests limit: 10\/10"}
[ETL] start — 4713 line-items, source: shoper-2022-10
[ETL step 2] anonymizeAndVault OK — 4713 items
[ETL step 3] mapWorldsAndTaxonomy OK — 4713 items
[ETL step 3.5] assignPromoAndNewProduct OK
[ETL step 4] assignOccasion OK
[ETL] unmapped products: 1282
[ETL step 5] buildClientProfiles OK — 2134 clients
[ETL step 6] segmentClients OK
[ETL step 7] upsertToSupabase OK — clients: 2134, events: 4713
[ETL step 8] refresh_crm_views OK
[sanity] LTV recalculate failed: recalculateAllLTV fetch events error: TypeError: fetch failed
[ETL step 9] runSanityChecks OK
rpc error: "crm_behavior_segments" is not a table or materialized view
[2022-10] ✅ zamówień: 2178, klientów: 2134, eventów: 4713, niezmapowanych: 1282
[2022-11] Pobieram zamówienia...
[ETL] start — 11583 line-items, source: shoper-2022-11
[ETL step 2] anonymizeAndVault OK — 11583 items
[ETL step 3] mapWorldsAndTaxonomy OK — 11583 items
[ETL step 3.5] assignPromoAndNewProduct OK
[ETL step 4] assignOccasion OK
[ETL] unmapped products: 2949
[ETL step 5] buildClientProfiles OK — 4014 clients
[ETL step 6] segmentClients OK
[ETL step 7] upsertToSupabase OK — clients: 4014, events: 11583
[ETL step 8] refresh_crm_views OK
[sanity] LTV recalculate failed: recalculateAllLTV fetch events error: TypeError: fetch failed
[ETL step 9] runSanityChecks OK
[2022-11] ✅ zamówień: 4135, klientów: 4014, eventów: 11583, niezmapowanych: 2949
[2022-12] Pobieram zamówienia...
[ETL] start — 18333 line-items, source: shoper-2022-12
[ETL step 2] anonymizeAndVault OK — 18333 items
[ETL step 3] mapWorldsAndTaxonomy OK — 18333 items
[ETL step 3.5] assignPromoAndNewProduct OK
[ETL step 4] assignOccasion OK
[ETL] unmapped products: 3304
[ETL step 5] buildClientProfiles OK — 7653 clients
[ETL step 6] segmentClients OK
[ETL step 7] upsertToSupabase OK — clients: 7653, events: 18332
[ETL step 8] refresh_crm_views OK
[sanity] LTV recalculate failed: recalculateAllLTV fetch events error: TypeError: fetch failed
[ETL step 9] runSanityChecks OK
[2022-12] ✅ zamówień: 7885, klientów: 7653, eventów: 18332, niezmapowanych: 3304
[2023-01] Pobieram zamówienia...
    ⚠ order-products 101760 — próba 1/3, retry za 5000ms: order-products 101760 (429): {"error":"temporarily_unavailable","error_description":"You have reached requests limit: 10\/10"}
    ⚠ order-products 101762 — próba 1/3, retry za 5000ms: order-products 101762 (429): {"error":"temporarily_unavailable","error_description":"You have reached requests limit: 10\/10"}
[ETL] start — 3574 line-items, source: shoper-2023-01
[ETL step 2] anonymizeAndVault OK — 3574 items
[ETL step 3] mapWorldsAndTaxonomy OK — 3574 items
[ETL step 3.5] assignPromoAndNewProduct OK
[ETL step 4] assignOccasion OK
[ETL] unmapped products: 964
[ETL step 5] buildClientProfiles OK — 1708 clients
[ETL step 6] segmentClients OK
[ETL step 7] upsertToSupabase OK — clients: 1708, events: 3573
[ETL step 8] refresh_crm_views OK
[sanity] LTV recalculate failed: recalculateAllLTV fetch events error: TypeError: fetch failed
[ETL step 9] runSanityChecks OK
[2023-01] ✅ zamówień: 1748, klientów: 1708, eventów: 3573, niezmapowanych: 964
[2023-02] Pobieram zamówienia...
    ⚠ order-products 103469 — próba 1/3, retry za 5000ms: order-products 103469 (429): {"error":"temporarily_unavailable","error_description":"You have reached requests limit: 10\/10"}
[ETL] start — 4678 line-items, source: shoper-2023-02
[ETL step 2] anonymizeAndVault OK — 4678 items
[ETL step 3] mapWorldsAndTaxonomy OK — 4678 items
[ETL step 3.5] assignPromoAndNewProduct OK
[ETL step 4] assignOccasion OK
[ETL] unmapped products: 1284
[ETL step 5] buildClientProfiles OK — 1977 clients
[ETL step 6] segmentClients OK
[ETL step 7] upsertToSupabase OK — clients: 1977, events: 4678
[ETL step 8] refresh_crm_views OK
[sanity] LTV recalculate failed: recalculateAllLTV fetch events error: TypeError: fetch failed
[ETL step 9] runSanityChecks OK
[2023-02] ✅ zamówień: 2050, klientów: 1977, eventów: 4678, niezmapowanych: 1284
[2023-03] Pobieram zamówienia...
[ETL] start — 3597 line-items, source: shoper-2023-03
[ETL step 2] anonymizeAndVault OK — 3597 items
[ETL step 3] mapWorldsAndTaxonomy OK — 3597 items
[ETL step 3.5] assignPromoAndNewProduct OK
[ETL step 4] assignOccasion OK
[ETL] unmapped products: 780
[ETL step 5] buildClientProfiles OK — 1644 clients
[ETL step 6] segmentClients OK
[ETL step 7] upsertToSupabase OK — clients: 1644, events: 3597
[ETL step 8] refresh_crm_views OK
[sanity] LTV recalculate failed: recalculateAllLTV fetch events error: TypeError: fetch failed
[ETL step 9] runSanityChecks OK
[2023-03] ✅ zamówień: 1710, klientów: 1644, eventów: 3597, niezmapowanych: 780
[2023-04] Pobieram zamówienia...
